<?xml version="1.0" encoding="UTF-8"?>
<testng-results ignored="0" total="2" passed="2" failed="0" skipped="0">
  <reporter-output>
  </reporter-output>
  <suite started-at="2023-12-25T17:04:29 IST" name="Default suite" finished-at="2023-12-25T17:04:33 IST" duration-ms="4018">
    <groups>
    </groups>
    <test started-at="2023-12-25T17:04:29 IST" name="Default test" finished-at="2023-12-25T17:04:33 IST" duration-ms="4018">
      <class name="day3.HeaderDemo">
        <test-method signature="testHeaders()[pri:1, instance:day3.HeaderDemo@bae7dc0]" started-at="2023-12-25T17:04:29 IST" name="testHeaders" finished-at="2023-12-25T17:04:32 IST" duration-ms="3083" status="PASS">
          <reporter-output>
          </reporter-output>
        </test-method> <!-- testHeaders -->
        <test-method signature="getHeaders()[pri:2, instance:day3.HeaderDemo@bae7dc0]" started-at="2023-12-25T17:04:32 IST" name="getHeaders" finished-at="2023-12-25T17:04:33 IST" duration-ms="881" status="PASS">
          <reporter-output>
          </reporter-output>
        </test-method> <!-- getHeaders -->
      </class> <!-- day3.HeaderDemo -->
    </test> <!-- Default test -->
  </suite> <!-- Default suite -->
</testng-results>
